c:\users\wc542\onedrive\문서\catch_bear\server\dummyclient\x64\debug\dummyclient.pch
c:\users\wc542\onedrive\문서\catch_bear\server\dummyclient\x64\debug\vc142.pdb
c:\users\wc542\onedrive\문서\catch_bear\server\dummyclient\x64\debug\vc142.idb
c:\users\wc542\onedrive\문서\catch_bear\server\dummyclient\x64\debug\pch.obj
c:\users\wc542\onedrive\문서\catch_bear\server\dummyclient\x64\debug\serversession.obj
c:\users\wc542\onedrive\문서\catch_bear\server\dummyclient\x64\debug\dummyclient.obj
c:\users\wc542\onedrive\문서\catch_bear\server\dummyclient\x64\debug\serverpackethandler.obj
c:\users\wc542\onedrive\문서\catch_bear\server\dummyclient\x64\debug\player.obj
c:\users\wc542\onedrive\문서\catch_bear\server\dummyclient\x64\debug\lobby.obj
c:\users\wc542\onedrive\문서\catch_bear\server\dummyclient\x64\debug\keymanager.obj
c:\users\wc542\onedrive\문서\catch_bear\server\dummyclient\x64\debug\struct.pb.obj
c:\users\wc542\onedrive\문서\catch_bear\server\dummyclient\x64\debug\protocol.pb.obj
c:\users\wc542\onedrive\문서\catch_bear\server\dummyclient\x64\debug\enum.pb.obj
c:\users\wc542\onedrive\문서\catch_bear\server\dummyclient\x64\debug\dummyclient.ilk
c:\users\wc542\onedrive\문서\catch_bear\server\binary\debug\dummyclient.exe
c:\users\wc542\onedrive\문서\catch_bear\server\binary\debug\dummyclient.pdb
c:\users\wc542\onedrive\문서\catch_bear\server\dummyclient\x64\debug\dummyclient.tlog\cl.command.1.tlog
c:\users\wc542\onedrive\문서\catch_bear\server\dummyclient\x64\debug\dummyclient.tlog\cl.read.1.tlog
c:\users\wc542\onedrive\문서\catch_bear\server\dummyclient\x64\debug\dummyclient.tlog\cl.write.1.tlog
c:\users\wc542\onedrive\문서\catch_bear\server\dummyclient\x64\debug\dummyclient.tlog\link.command.1.tlog
c:\users\wc542\onedrive\문서\catch_bear\server\dummyclient\x64\debug\dummyclient.tlog\link.read.1.tlog
c:\users\wc542\onedrive\문서\catch_bear\server\dummyclient\x64\debug\dummyclient.tlog\link.write.1.tlog
