c:\users\wc542\onedrive\문서\catch_bear\server\gameserver\debug\gameserver.pch
c:\users\wc542\onedrive\문서\catch_bear\server\gameserver\debug\vc142.pdb
c:\users\wc542\onedrive\문서\catch_bear\server\gameserver\debug\vc142.idb
c:\users\wc542\onedrive\문서\catch_bear\server\gameserver\debug\pch.obj
c:\users\wc542\onedrive\문서\catch_bear\server\gameserver\debug\struct.pb.obj
c:\users\wc542\onedrive\문서\catch_bear\server\gameserver\debug\protocol.pb.obj
c:\users\wc542\onedrive\문서\catch_bear\server\gameserver\debug\enum.pb.obj
c:\users\wc542\onedrive\문서\catch_bear\server\gameserver\debug\clientpackethandler.obj
c:\users\wc542\onedrive\문서\catch_bear\server\gameserver\debug\player.obj
c:\users\wc542\onedrive\문서\catch_bear\server\gameserver\debug\lobby.obj
c:\users\wc542\onedrive\문서\catch_bear\server\gameserver\debug\gamesessionmanager.obj
c:\users\wc542\onedrive\문서\catch_bear\server\gameserver\debug\gamesession.obj
c:\users\wc542\onedrive\문서\catch_bear\server\gameserver\debug\gameserver.obj
c:\users\wc542\onedrive\문서\catch_bear\server\binary\debug\gameserver.pdb
c:\users\wc542\onedrive\문서\catch_bear\server\binary\debug\gameserver.exe
c:\users\wc542\onedrive\문서\catch_bear\server\gameserver\debug\gameserver.tlog\cl.command.1.tlog
c:\users\wc542\onedrive\문서\catch_bear\server\gameserver\debug\gameserver.tlog\cl.read.1.tlog
c:\users\wc542\onedrive\문서\catch_bear\server\gameserver\debug\gameserver.tlog\cl.write.1.tlog
c:\users\wc542\onedrive\문서\catch_bear\server\gameserver\debug\gameserver.tlog\link-cvtres.read.1.tlog
c:\users\wc542\onedrive\문서\catch_bear\server\gameserver\debug\gameserver.tlog\link-cvtres.write.1.tlog
c:\users\wc542\onedrive\문서\catch_bear\server\gameserver\debug\gameserver.tlog\link-rc.read.1.tlog
c:\users\wc542\onedrive\문서\catch_bear\server\gameserver\debug\gameserver.tlog\link-rc.write.1.tlog
c:\users\wc542\onedrive\문서\catch_bear\server\gameserver\debug\gameserver.tlog\link.command.1.tlog
c:\users\wc542\onedrive\문서\catch_bear\server\gameserver\debug\gameserver.tlog\link.read.1.tlog
c:\users\wc542\onedrive\문서\catch_bear\server\gameserver\debug\gameserver.tlog\link.write.1.tlog
