Protocol.proto(4,1): warning G7CF62709: Import Enum.proto is unused.
  #pragma once
  #include "Protocol.pb.h"
  
  using PacketHandlerFunc = std::function<bool(PacketSessionRef&, BYTE*, int32)>;
  extern PacketHandlerFunc GPacketHandler[UINT16_MAX];
  
  enum : uint16
  {
  	PKT_C_LOGIN = 1000,
  	PKT_S_LOGIN = 1001,
  	PKT_C_ENTER_GAME = 1002,
  	PKT_S_ENTER_GAME = 1003,
  	PKT_C_CHAT = 1004,
  	PKT_S_CHAT = 1005,
  };
  
  // Custom Handlers
  bool Handle_INVALID(PacketSessionRef& session, BYTE* buffer, int32 len);
  bool Handle_C_LOGIN(PacketSessionRef& session, Protocol::C_LOGIN& pkt);
  bool Handle_C_ENTER_GAME(PacketSessionRef& session, Protocol::C_ENTER_GAME& pkt);
  bool Handle_C_CHAT(PacketSessionRef& session, Protocol::C_CHAT& pkt);
  
  class ClientPacketHandler
  {
  public:
  	static void Init()
  	{
  		for (int32 i = 0; i < UINT16_MAX; i++)
  			GPacketHandler[i] = Handle_INVALID;
  		GPacketHandler[PKT_C_LOGIN] = [](PacketSessionRef& session, BYTE* buffer, int32 len) { return HandlePacket<Protocol::C_LOGIN>(Handle_C_LOGIN, session, buffer, len); };
  		GPacketHandler[PKT_C_ENTER_GAME] = [](PacketSessionRef& session, BYTE* buffer, int32 len) { return HandlePacket<Protocol::C_ENTER_GAME>(Handle_C_ENTER_GAME, session, buffer, len); };
  		GPacketHandler[PKT_C_CHAT] = [](PacketSessionRef& session, BYTE* buffer, int32 len) { return HandlePacket<Protocol::C_CHAT>(Handle_C_CHAT, session, buffer, len); };
  	}
  
  	static bool HandlePacket(PacketSessionRef& session, BYTE* buffer, int32 len)
  	{
  		PacketHeader* header = reinterpret_cast<PacketHeader*>(buffer);
  		return GPacketHandler[header->id](session, buffer, len);
  	}
  	static SendBufferRef MakeSendBuffer(Protocol::S_LOGIN& pkt) { return MakeSendBuffer(pkt, PKT_S_LOGIN); }
  	static SendBufferRef MakeSendBuffer(Protocol::S_ENTER_GAME& pkt) { return MakeSendBuffer(pkt, PKT_S_ENTER_GAME); }
  	static SendBufferRef MakeSendBuffer(Protocol::S_CHAT& pkt) { return MakeSendBuffer(pkt, PKT_S_CHAT); }
  
  private:
  	template<typename PacketType, typename ProcessFunc>
  	static bool HandlePacket(ProcessFunc func, PacketSessionRef& session, BYTE* buffer, int32 len)
  	{
  		PacketType pkt;
  		if (pkt.ParseFromArray(buffer + sizeof(PacketHeader), len - sizeof(PacketHeader)) == false)
  			return false;
  
  		return func(session, pkt);
  	}
  
  	template<typename T>
  	static SendBufferRef MakeSendBuffer(T& pkt, uint16 pktId)
  	{
  		const uint16 dataSize = static_cast<uint16>(pkt.ByteSizeLong());
  		const uint16 packetSize = dataSize + sizeof(PacketHeader);
  
  		SendBufferRef sendBuffer = GSendBufferManager->Open(packetSize);
  		PacketHeader* header = reinterpret_cast<PacketHeader*>(sendBuffer->Buffer());
  		header->size = packetSize;
  		header->id = pktId;
  		ASSERT_CRASH(pkt.SerializeToArray(&header[1], dataSize));
  		sendBuffer->Close(packetSize);
  
  		return sendBuffer;
  	}
  };
  #pragma once
  #include "Protocol.pb.h"
  
  using PacketHandlerFunc = std::function<bool(PacketSessionRef&, BYTE*, int32)>;
  extern PacketHandlerFunc GPacketHandler[UINT16_MAX];
  
  enum : uint16
  {
  	PKT_C_LOGIN = 1000,
  	PKT_S_LOGIN = 1001,
  	PKT_C_ENTER_GAME = 1002,
  	PKT_S_ENTER_GAME = 1003,
  	PKT_C_CHAT = 1004,
  	PKT_S_CHAT = 1005,
  };
  
  // Custom Handlers
  bool Handle_INVALID(PacketSessionRef& session, BYTE* buffer, int32 len);
  bool Handle_S_LOGIN(PacketSessionRef& session, Protocol::S_LOGIN& pkt);
  bool Handle_S_ENTER_GAME(PacketSessionRef& session, Protocol::S_ENTER_GAME& pkt);
  bool Handle_S_CHAT(PacketSessionRef& session, Protocol::S_CHAT& pkt);
  
  class ServerPacketHandler
  {
  public:
  	static void Init()
  	{
  		for (int32 i = 0; i < UINT16_MAX; i++)
  			GPacketHandler[i] = Handle_INVALID;
  		GPacketHandler[PKT_S_LOGIN] = [](PacketSessionRef& session, BYTE* buffer, int32 len) { return HandlePacket<Protocol::S_LOGIN>(Handle_S_LOGIN, session, buffer, len); };
  		GPacketHandler[PKT_S_ENTER_GAME] = [](PacketSessionRef& session, BYTE* buffer, int32 len) { return HandlePacket<Protocol::S_ENTER_GAME>(Handle_S_ENTER_GAME, session, buffer, len); };
  		GPacketHandler[PKT_S_CHAT] = [](PacketSessionRef& session, BYTE* buffer, int32 len) { return HandlePacket<Protocol::S_CHAT>(Handle_S_CHAT, session, buffer, len); };
  	}
  
  	static bool HandlePacket(PacketSessionRef& session, BYTE* buffer, int32 len)
  	{
  		PacketHeader* header = reinterpret_cast<PacketHeader*>(buffer);
  		return GPacketHandler[header->id](session, buffer, len);
  	}
  	static SendBufferRef MakeSendBuffer(Protocol::C_LOGIN& pkt) { return MakeSendBuffer(pkt, PKT_C_LOGIN); }
  	static SendBufferRef MakeSendBuffer(Protocol::C_ENTER_GAME& pkt) { return MakeSendBuffer(pkt, PKT_C_ENTER_GAME); }
  	static SendBufferRef MakeSendBuffer(Protocol::C_CHAT& pkt) { return MakeSendBuffer(pkt, PKT_C_CHAT); }
  
  private:
  	template<typename PacketType, typename ProcessFunc>
  	static bool HandlePacket(ProcessFunc func, PacketSessionRef& session, BYTE* buffer, int32 len)
  	{
  		PacketType pkt;
  		if (pkt.ParseFromArray(buffer + sizeof(PacketHeader), len - sizeof(PacketHeader)) == false)
  			return false;
  
  		return func(session, pkt);
  	}
  
  	template<typename T>
  	static SendBufferRef MakeSendBuffer(T& pkt, uint16 pktId)
  	{
  		const uint16 dataSize = static_cast<uint16>(pkt.ByteSizeLong());
  		const uint16 packetSize = dataSize + sizeof(PacketHeader);
  
  		SendBufferRef sendBuffer = GSendBufferManager->Open(packetSize);
  		PacketHeader* header = reinterpret_cast<PacketHeader*>(sendBuffer->Buffer());
  		header->size = packetSize;
  		header->id = pktId;
  		ASSERT_CRASH(pkt.SerializeToArray(&header[1], dataSize));
  		sendBuffer->Close(packetSize);
  
  		return sendBuffer;
  	}
  };
  C:Enum.pb.h
  1개 파일이 복사되었습니다.
  C:Enum.pb.cc
  1개 파일이 복사되었습니다.
  C:Struct.pb.h
  1개 파일이 복사되었습니다.
  C:Struct.pb.cc
  1개 파일이 복사되었습니다.
  C:Protocol.pb.h
  1개 파일이 복사되었습니다.
  C:Protocol.pb.cc
  1개 파일이 복사되었습니다.
  C:ClientPacketHandler.h
  1개 파일이 복사되었습니다.
  C:Enum.pb.h
  1개 파일이 복사되었습니다.
  C:Enum.pb.cc
  1개 파일이 복사되었습니다.
  C:Struct.pb.h
  1개 파일이 복사되었습니다.
  C:Struct.pb.cc
  1개 파일이 복사되었습니다.
  C:Protocol.pb.h
  1개 파일이 복사되었습니다.
  C:Protocol.pb.cc
  1개 파일이 복사되었습니다.
  C:ServerPacketHandler.h
  1개 파일이 복사되었습니다.
  계속하려면 아무 키나 누르십시오 . . . 
  pch.cpp
  Enum.pb.cc
  Protocol.pb.cc
  Struct.pb.cc
  코드를 생성하고 있습니다...
  ClientPacketHandler.cpp
C:\Users\wc542\Server\GameServer\ClientPacketHandler.cpp(74,43): warning C4244: '인수': 'uint64'에서 'const unsigned int'(으)로 변환하면서 데이터가 손실될 수 있습니다.
  GameServer.cpp
  GameSession.cpp
  GameSessionManager.cpp
  Player.cpp
  Room.cpp
  코드를 생성하고 있습니다...
Enum.pb.obj : error LNK2019: "void __cdecl google::protobuf::internal::AssignDescriptors(struct google::protobuf::internal::DescriptorTable const *,bool)" (?AssignDescriptors@internal@protobuf@google@@YAXPBUDescriptorTable@123@_N@Z)"class google::protobuf::EnumDescriptor const * __cdecl Protocol::PlayerType_descriptor(void)" (?PlayerType_descriptor@Protocol@@YAPBVEnumDescriptor@protobuf@google@@XZ) 함수에서 참조되는 확인할 수 없는 외부 기호
Enum.pb.obj : error LNK2019: "public: __thiscall google::protobuf::internal::AddDescriptorsRunner::AddDescriptorsRunner(struct google::protobuf::internal::DescriptorTable const *)" (??0AddDescriptorsRunner@internal@protobuf@google@@QAE@PBUDescriptorTable@123@@Z)"void __cdecl `dynamic initializer for 'dynamic_init_dummy_Enum_2eproto''(void)" (??__Edynamic_init_dummy_Enum_2eproto@@YAXXZ) 함수에서 참조되는 확인할 수 없는 외부 기호
Protocol.pb.obj : error LNK2001: 확인할 수 없는 외부 기호 "public: __thiscall google::protobuf::internal::AddDescriptorsRunner::AddDescriptorsRunner(struct google::protobuf::internal::DescriptorTable const *)" (??0AddDescriptorsRunner@internal@protobuf@google@@QAE@PBUDescriptorTable@123@@Z)
Struct.pb.obj : error LNK2001: 확인할 수 없는 외부 기호 "public: __thiscall google::protobuf::internal::AddDescriptorsRunner::AddDescriptorsRunner(struct google::protobuf::internal::DescriptorTable const *)" (??0AddDescriptorsRunner@internal@protobuf@google@@QAE@PBUDescriptorTable@123@@Z)
GameServer.obj : error LNK2019: "public: bool __thiscall google::protobuf::MessageLite::ParseFromArray(void const *,int)" (?ParseFromArray@MessageLite@protobuf@google@@QAE_NPBXH@Z)"private: static bool __cdecl ClientPacketHandler::HandlePacket<class Protocol::C_CHAT,bool (__cdecl*)(class std::shared_ptr<class PacketSession> &,class Protocol::C_CHAT &)>(bool (__cdecl*)(class std::shared_ptr<class PacketSession> &,class Protocol::C_CHAT &),class std::shared_ptr<class PacketSession> &,unsigned char *,int)" (??$HandlePacket@VC_CHAT@Protocol@@P6A_NAAV?$shared_ptr@VPacketSession@@@std@@AAV12@@Z@ClientPacketHandler@@CA_NP6A_NAAV?$shared_ptr@VPacketSession@@@std@@AAVC_CHAT@Protocol@@@Z0PAEH@Z) 함수에서 참조되는 확인할 수 없는 외부 기호
Protocol.pb.obj : error LNK2001: 확인할 수 없는 외부 기호 "public: virtual class std::basic_string<char,struct std::char_traits<char>,class std::allocator<char> > __thiscall google::protobuf::Message::InitializationErrorString(void)const " (?InitializationErrorString@Message@protobuf@google@@UBE?AV?$basic_string@DU?$char_traits@D@std@@V?$allocator@D@2@@std@@XZ)
Struct.pb.obj : error LNK2001: 확인할 수 없는 외부 기호 "public: virtual class std::basic_string<char,struct std::char_traits<char>,class std::allocator<char> > __thiscall google::protobuf::Message::InitializationErrorString(void)const " (?InitializationErrorString@Message@protobuf@google@@UBE?AV?$basic_string@DU?$char_traits@D@std@@V?$allocator@D@2@@std@@XZ)
Protocol.pb.obj : error LNK2001: 확인할 수 없는 외부 기호 "public: virtual void __thiscall google::protobuf::Message::DiscardUnknownFields(void)" (?DiscardUnknownFields@Message@protobuf@google@@UAEXXZ)
Struct.pb.obj : error LNK2001: 확인할 수 없는 외부 기호 "public: virtual void __thiscall google::protobuf::Message::DiscardUnknownFields(void)" (?DiscardUnknownFields@Message@protobuf@google@@UAEXXZ)
Protocol.pb.obj : error LNK2001: 확인할 수 없는 외부 기호 "public: virtual unsigned int __thiscall google::protobuf::Message::SpaceUsedLong(void)const " (?SpaceUsedLong@Message@protobuf@google@@UBEIXZ)
Struct.pb.obj : error LNK2001: 확인할 수 없는 외부 기호 "public: virtual unsigned int __thiscall google::protobuf::Message::SpaceUsedLong(void)const " (?SpaceUsedLong@Message@protobuf@google@@UBEIXZ)
Protocol.pb.obj : error LNK2001: 확인할 수 없는 외부 기호 "public: virtual class std::basic_string<char,struct std::char_traits<char>,class std::allocator<char> > __thiscall google::protobuf::Message::GetTypeName(void)const " (?GetTypeName@Message@protobuf@google@@UBE?AV?$basic_string@DU?$char_traits@D@std@@V?$allocator@D@2@@std@@XZ)
Struct.pb.obj : error LNK2001: 확인할 수 없는 외부 기호 "public: virtual class std::basic_string<char,struct std::char_traits<char>,class std::allocator<char> > __thiscall google::protobuf::Message::GetTypeName(void)const " (?GetTypeName@Message@protobuf@google@@UBE?AV?$basic_string@DU?$char_traits@D@std@@V?$allocator@D@2@@std@@XZ)
Protocol.pb.obj : error LNK2001: 확인할 수 없는 외부 기호 "public: virtual void __thiscall google::protobuf::Message::CheckTypeAndMergeFrom(class google::protobuf::MessageLite const &)" (?CheckTypeAndMergeFrom@Message@protobuf@google@@UAEXABVMessageLite@23@@Z)
Struct.pb.obj : error LNK2001: 확인할 수 없는 외부 기호 "public: virtual void __thiscall google::protobuf::Message::CheckTypeAndMergeFrom(class google::protobuf::MessageLite const &)" (?CheckTypeAndMergeFrom@Message@protobuf@google@@UAEXABVMessageLite@23@@Z)
Protocol.pb.obj : error LNK2001: 확인할 수 없는 외부 기호 "class google::protobuf::internal::ExplicitlyConstructed<class std::basic_string<char,struct std::char_traits<char>,class std::allocator<char> > > google::protobuf::internal::fixed_address_empty_string" (?fixed_address_empty_string@internal@protobuf@google@@3V?$ExplicitlyConstructed@V?$basic_string@DU?$char_traits@D@std@@V?$allocator@D@2@@std@@@123@A)
Struct.pb.obj : error LNK2001: 확인할 수 없는 외부 기호 "class google::protobuf::internal::ExplicitlyConstructed<class std::basic_string<char,struct std::char_traits<char>,class std::allocator<char> > > google::protobuf::internal::fixed_address_empty_string" (?fixed_address_empty_string@internal@protobuf@google@@3V?$ExplicitlyConstructed@V?$basic_string@DU?$char_traits@D@std@@V?$allocator@D@2@@std@@@123@A)
Protocol.pb.obj : error LNK2019: "private: static void __cdecl google::protobuf::stringpiece_internal::StringPiece::LogFatalSizeTooBig(unsigned int,char const *)" (?LogFatalSizeTooBig@StringPiece@stringpiece_internal@protobuf@google@@CAXIPBD@Z)"private: static unsigned int __cdecl google::protobuf::stringpiece_internal::StringPiece::CheckSize(unsigned int)" (?CheckSize@StringPiece@stringpiece_internal@protobuf@google@@CAII@Z) 함수에서 참조되는 확인할 수 없는 외부 기호
Struct.pb.obj : error LNK2001: 확인할 수 없는 외부 기호 "private: static void __cdecl google::protobuf::stringpiece_internal::StringPiece::LogFatalSizeTooBig(unsigned int,char const *)" (?LogFatalSizeTooBig@StringPiece@stringpiece_internal@protobuf@google@@CAXIPBD@Z)
Protocol.pb.obj : error LNK2019: "public: __thiscall google::protobuf::internal::LogMessage::LogMessage(enum google::protobuf::LogLevel,char const *,int)" (??0LogMessage@internal@protobuf@google@@QAE@W4LogLevel@23@PBDH@Z)"public: virtual void __thiscall Protocol::C_LOGIN::MergeFrom(class google::protobuf::Message const &)" (?MergeFrom@C_LOGIN@Protocol@@UAEXABVMessage@protobuf@google@@@Z) 함수에서 참조되는 확인할 수 없는 외부 기호
Struct.pb.obj : error LNK2001: 확인할 수 없는 외부 기호 "public: __thiscall google::protobuf::internal::LogMessage::LogMessage(enum google::protobuf::LogLevel,char const *,int)" (??0LogMessage@internal@protobuf@google@@QAE@W4LogLevel@23@PBDH@Z)
Protocol.pb.obj : error LNK2019: "public: __thiscall google::protobuf::internal::LogMessage::~LogMessage(void)" (??1LogMessage@internal@protobuf@google@@QAE@XZ)"public: virtual void __thiscall Protocol::C_LOGIN::MergeFrom(class google::protobuf::Message const &)" (?MergeFrom@C_LOGIN@Protocol@@UAEXABVMessage@protobuf@google@@@Z) 함수에서 참조되는 확인할 수 없는 외부 기호
Struct.pb.obj : error LNK2001: 확인할 수 없는 외부 기호 "public: __thiscall google::protobuf::internal::LogMessage::~LogMessage(void)" (??1LogMessage@internal@protobuf@google@@QAE@XZ)
Protocol.pb.obj : error LNK2019: "public: class google::protobuf::internal::LogMessage & __thiscall google::protobuf::internal::LogMessage::operator<<(char const *)" (??6LogMessage@internal@protobuf@google@@QAEAAV0123@PBD@Z)"public: virtual void __thiscall Protocol::C_LOGIN::MergeFrom(class google::protobuf::Message const &)" (?MergeFrom@C_LOGIN@Protocol@@UAEXABVMessage@protobuf@google@@@Z) 함수에서 참조되는 확인할 수 없는 외부 기호
Struct.pb.obj : error LNK2001: 확인할 수 없는 외부 기호 "public: class google::protobuf::internal::LogMessage & __thiscall google::protobuf::internal::LogMessage::operator<<(char const *)" (??6LogMessage@internal@protobuf@google@@QAEAAV0123@PBD@Z)
Protocol.pb.obj : error LNK2019: "public: void __thiscall google::protobuf::internal::LogFinisher::operator=(class google::protobuf::internal::LogMessage &)" (??4LogFinisher@internal@protobuf@google@@QAEXAAVLogMessage@123@@Z)"public: virtual void __thiscall Protocol::C_LOGIN::MergeFrom(class google::protobuf::Message const &)" (?MergeFrom@C_LOGIN@Protocol@@UAEXABVMessage@protobuf@google@@@Z) 함수에서 참조되는 확인할 수 없는 외부 기호
Struct.pb.obj : error LNK2001: 확인할 수 없는 외부 기호 "public: void __thiscall google::protobuf::internal::LogFinisher::operator=(class google::protobuf::internal::LogMessage &)" (??4LogFinisher@internal@protobuf@google@@QAEXAAVLogMessage@123@@Z)
Protocol.pb.obj : error LNK2019: "private: unsigned char * __thiscall google::protobuf::io::EpsCopyOutputStream::EnsureSpaceFallback(unsigned char *)" (?EnsureSpaceFallback@EpsCopyOutputStream@io@protobuf@google@@AAEPAEPAE@Z)"public: unsigned char * __thiscall google::protobuf::io::EpsCopyOutputStream::EnsureSpace(unsigned char *)" (?EnsureSpace@EpsCopyOutputStream@io@protobuf@google@@QAEPAEPAE@Z) 함수에서 참조되는 확인할 수 없는 외부 기호
Struct.pb.obj : error LNK2001: 확인할 수 없는 외부 기호 "private: unsigned char * __thiscall google::protobuf::io::EpsCopyOutputStream::EnsureSpaceFallback(unsigned char *)" (?EnsureSpaceFallback@EpsCopyOutputStream@io@protobuf@google@@AAEPAEPAE@Z)
Protocol.pb.obj : error LNK2019: "private: unsigned char * __thiscall google::protobuf::io::EpsCopyOutputStream::WriteStringMaybeAliasedOutline(unsigned int,class std::basic_string<char,struct std::char_traits<char>,class std::allocator<char> > const &,unsigned char *)" (?WriteStringMaybeAliasedOutline@EpsCopyOutputStream@io@protobuf@google@@AAEPAEIABV?$basic_string@DU?$char_traits@D@std@@V?$allocator@D@2@@std@@PAE@Z)"public: unsigned char * __thiscall google::protobuf::io::EpsCopyOutputStream::WriteStringMaybeAliased(unsigned int,class std::basic_string<char,struct std::char_traits<char>,class std::allocator<char> > const &,unsigned char *)" (?WriteStringMaybeAliased@EpsCopyOutputStream@io@protobuf@google@@QAEPAEIABV?$basic_string@DU?$char_traits@D@std@@V?$allocator@D@2@@std@@PAE@Z) 함수에서 참조되는 확인할 수 없는 외부 기호
Struct.pb.obj : error LNK2001: 확인할 수 없는 외부 기호 "private: unsigned char * __thiscall google::protobuf::io::EpsCopyOutputStream::WriteStringMaybeAliasedOutline(unsigned int,class std::basic_string<char,struct std::char_traits<char>,class std::allocator<char> > const &,unsigned char *)" (?WriteStringMaybeAliasedOutline@EpsCopyOutputStream@io@protobuf@google@@AAEPAEIABV?$basic_string@DU?$char_traits@D@std@@V?$allocator@D@2@@std@@PAE@Z)
Protocol.pb.obj : error LNK2019: "private: static unsigned char * __cdecl google::protobuf::io::CodedOutputStream::WriteVarint32ToArrayOutOfLineHelper(unsigned int,unsigned char *)" (?WriteVarint32ToArrayOutOfLineHelper@CodedOutputStream@io@protobuf@google@@CAPAEIPAE@Z)"public: static unsigned char * __cdecl google::protobuf::io::CodedOutputStream::WriteVarint32ToArrayOutOfLine(unsigned int,unsigned char *)" (?WriteVarint32ToArrayOutOfLine@CodedOutputStream@io@protobuf@google@@SAPAEIPAE@Z) 함수에서 참조되는 확인할 수 없는 외부 기호
Protocol.pb.obj : error LNK2019: "public: unsigned __int64 __thiscall google::protobuf::internal::ThreadSafeArena::SpaceAllocated(void)const " (?SpaceAllocated@ThreadSafeArena@internal@protobuf@google@@QBE_KXZ)"public: unsigned __int64 __thiscall google::protobuf::Arena::SpaceAllocated(void)const " (?SpaceAllocated@Arena@protobuf@google@@QBE_KXZ) 함수에서 참조되는 확인할 수 없는 외부 기호
Protocol.pb.obj : error LNK2019: "public: void __thiscall google::protobuf::internal::ThreadSafeArena::AddCleanup(void *,void (__cdecl*)(void *))" (?AddCleanup@ThreadSafeArena@internal@protobuf@google@@QAEXPAXP6AX0@Z@Z)"private: void __thiscall google::protobuf::Arena::OwnInternal<class google::protobuf::Message>(class google::protobuf::Message *,struct std::integral_constant<bool,1>)" (??$OwnInternal@VMessage@protobuf@google@@@Arena@protobuf@google@@AAEXPAVMessage@12@U?$integral_constant@_N$00@std@@@Z) 함수에서 참조되는 확인할 수 없는 외부 기호
Struct.pb.obj : error LNK2001: 확인할 수 없는 외부 기호 "public: void __thiscall google::protobuf::internal::ThreadSafeArena::AddCleanup(void *,void (__cdecl*)(void *))" (?AddCleanup@ThreadSafeArena@internal@protobuf@google@@QAEXPAXP6AX0@Z@Z)
Protocol.pb.obj : error LNK2019: "private: void * __thiscall google::protobuf::Arena::AllocateAlignedWithHook(unsigned int,class type_info const *)" (?AllocateAlignedWithHook@Arena@protobuf@google@@AAEPAXIPBVtype_info@@@Z)"private: void * __thiscall google::protobuf::Arena::AllocateAlignedWithHook(unsigned int,unsigned int,class type_info const *)" (?AllocateAlignedWithHook@Arena@protobuf@google@@AAEPAXIIPBVtype_info@@@Z) 함수에서 참조되는 확인할 수 없는 외부 기호
Struct.pb.obj : error LNK2001: 확인할 수 없는 외부 기호 "private: void * __thiscall google::protobuf::Arena::AllocateAlignedWithHook(unsigned int,class type_info const *)" (?AllocateAlignedWithHook@Arena@protobuf@google@@AAEPAXIPBVtype_info@@@Z)
Protocol.pb.obj : error LNK2019: "private: struct std::pair<void *,struct google::protobuf::internal::SerialArena::CleanupNode *> __thiscall google::protobuf::Arena::AllocateAlignedWithCleanup(unsigned int,class type_info const *)" (?AllocateAlignedWithCleanup@Arena@protobuf@google@@AAE?AU?$pair@PAXPAUCleanupNode@SerialArena@internal@protobuf@google@@@std@@IPBVtype_info@@@Z)"private: void * __thiscall google::protobuf::Arena::AllocateInternal(unsigned int,unsigned int,void (__cdecl*)(void *),class type_info const *)" (?AllocateInternal@Arena@protobuf@google@@AAEPAXIIP6AXPAX@ZPBVtype_info@@@Z) 함수에서 참조되는 확인할 수 없는 외부 기호
Struct.pb.obj : error LNK2001: 확인할 수 없는 외부 기호 "private: struct std::pair<void *,struct google::protobuf::internal::SerialArena::CleanupNode *> __thiscall google::protobuf::Arena::AllocateAlignedWithCleanup(unsigned int,class type_info const *)" (?AllocateAlignedWithCleanup@Arena@protobuf@google@@AAE?AU?$pair@PAXPAUCleanupNode@SerialArena@internal@protobuf@google@@@std@@IPBVtype_info@@@Z)
Protocol.pb.obj : error LNK2019: "public: void __thiscall google::protobuf::internal::ArenaStringPtr::Set(struct google::protobuf::internal::ArenaStringPtr::EmptyDefault,class std::basic_string<char,struct std::char_traits<char>,class std::allocator<char> > const &,class google::protobuf::Arena *)" (?Set@ArenaStringPtr@internal@protobuf@google@@QAEXUEmptyDefault@1234@ABV?$basic_string@DU?$char_traits@D@std@@V?$allocator@D@2@@std@@PAVArena@34@@Z)"public: __thiscall Protocol::C_CHAT::C_CHAT(class Protocol::C_CHAT const &)" (??0C_CHAT@Protocol@@QAE@ABV01@@Z) 함수에서 참조되는 확인할 수 없는 외부 기호
ClientPacketHandler.obj : error LNK2001: 확인할 수 없는 외부 기호 "public: void __thiscall google::protobuf::internal::ArenaStringPtr::Set(struct google::protobuf::internal::ArenaStringPtr::EmptyDefault,class std::basic_string<char,struct std::char_traits<char>,class std::allocator<char> > const &,class google::protobuf::Arena *)" (?Set@ArenaStringPtr@internal@protobuf@google@@QAEXUEmptyDefault@1234@ABV?$basic_string@DU?$char_traits@D@std@@V?$allocator@D@2@@std@@PAVArena@34@@Z)
Struct.pb.obj : error LNK2001: 확인할 수 없는 외부 기호 "public: void __thiscall google::protobuf::internal::ArenaStringPtr::Set(struct google::protobuf::internal::ArenaStringPtr::EmptyDefault,class std::basic_string<char,struct std::char_traits<char>,class std::allocator<char> > const &,class google::protobuf::Arena *)" (?Set@ArenaStringPtr@internal@protobuf@google@@QAEXUEmptyDefault@1234@ABV?$basic_string@DU?$char_traits@D@std@@V?$allocator@D@2@@std@@PAVArena@34@@Z)
Protocol.pb.obj : error LNK2019: "public: class std::basic_string<char,struct std::char_traits<char>,class std::allocator<char> > * __thiscall google::protobuf::internal::ArenaStringPtr::Mutable(struct google::protobuf::internal::ArenaStringPtr::EmptyDefault,class google::protobuf::Arena *)" (?Mutable@ArenaStringPtr@internal@protobuf@google@@QAEPAV?$basic_string@DU?$char_traits@D@std@@V?$allocator@D@2@@std@@UEmptyDefault@1234@PAVArena@34@@Z)"private: class std::basic_string<char,struct std::char_traits<char>,class std::allocator<char> > * __thiscall Protocol::C_CHAT::_internal_mutable_msg(void)" (?_internal_mutable_msg@C_CHAT@Protocol@@AAEPAV?$basic_string@DU?$char_traits@D@std@@V?$allocator@D@2@@std@@XZ) 함수에서 참조되는 확인할 수 없는 외부 기호
Struct.pb.obj : error LNK2001: 확인할 수 없는 외부 기호 "public: class std::basic_string<char,struct std::char_traits<char>,class std::allocator<char> > * __thiscall google::protobuf::internal::ArenaStringPtr::Mutable(struct google::protobuf::internal::ArenaStringPtr::EmptyDefault,class google::protobuf::Arena *)" (?Mutable@ArenaStringPtr@internal@protobuf@google@@QAEPAV?$basic_string@DU?$char_traits@D@std@@V?$allocator@D@2@@std@@UEmptyDefault@1234@PAVArena@34@@Z)
Protocol.pb.obj : error LNK2019: "public: void __thiscall google::protobuf::internal::ArenaStringPtr::ClearToEmpty(void)" (?ClearToEmpty@ArenaStringPtr@internal@protobuf@google@@QAEXXZ)"public: virtual void __thiscall Protocol::C_CHAT::Clear(void)" (?Clear@C_CHAT@Protocol@@UAEXXZ) 함수에서 참조되는 확인할 수 없는 외부 기호
Struct.pb.obj : error LNK2001: 확인할 수 없는 외부 기호 "public: void __thiscall google::protobuf::internal::ArenaStringPtr::ClearToEmpty(void)" (?ClearToEmpty@ArenaStringPtr@internal@protobuf@google@@QAEXXZ)
Protocol.pb.obj : error LNK2019: "private: void __thiscall google::protobuf::internal::ArenaStringPtr::DestroyNoArenaSlowPath(void)" (?DestroyNoArenaSlowPath@ArenaStringPtr@internal@protobuf@google@@AAEXXZ)"public: void __thiscall google::protobuf::internal::ArenaStringPtr::DestroyNoArena(class std::basic_string<char,struct std::char_traits<char>,class std::allocator<char> > const *)" (?DestroyNoArena@ArenaStringPtr@internal@protobuf@google@@QAEXPBV?$basic_string@DU?$char_traits@D@std@@V?$allocator@D@2@@std@@@Z) 함수에서 참조되는 확인할 수 없는 외부 기호
Struct.pb.obj : error LNK2001: 확인할 수 없는 외부 기호 "private: void __thiscall google::protobuf::internal::ArenaStringPtr::DestroyNoArenaSlowPath(void)" (?DestroyNoArenaSlowPath@ArenaStringPtr@internal@protobuf@google@@AAEXXZ)
Protocol.pb.obj : error LNK2001: 확인할 수 없는 외부 기호 "public: virtual class google::protobuf::MessageLite * __thiscall google::protobuf::MessageLite::New(class google::protobuf::Arena *)const " (?New@MessageLite@protobuf@google@@UBEPAV123@PAVArena@23@@Z)
Struct.pb.obj : error LNK2001: 확인할 수 없는 외부 기호 "public: virtual class google::protobuf::MessageLite * __thiscall google::protobuf::MessageLite::New(class google::protobuf::Arena *)const " (?New@MessageLite@protobuf@google@@UBEPAV123@PAVArena@23@@Z)
Protocol.pb.obj : error LNK2001: 확인할 수 없는 외부 기호 "public: virtual class std::basic_string<char,struct std::char_traits<char>,class std::allocator<char> > __thiscall google::protobuf::MessageLite::InitializationErrorString(void)const " (?InitializationErrorString@MessageLite@protobuf@google@@UBE?AV?$basic_string@DU?$char_traits@D@std@@V?$allocator@D@2@@std@@XZ)
Struct.pb.obj : error LNK2001: 확인할 수 없는 외부 기호 "public: virtual class std::basic_string<char,struct std::char_traits<char>,class std::allocator<char> > __thiscall google::protobuf::MessageLite::InitializationErrorString(void)const " (?InitializationErrorString@MessageLite@protobuf@google@@UBE?AV?$basic_string@DU?$char_traits@D@std@@V?$allocator@D@2@@std@@XZ)
Protocol.pb.obj : error LNK2019: "private: void * * __thiscall google::protobuf::internal::RepeatedPtrFieldBase::InternalExtend(int)" (?InternalExtend@RepeatedPtrFieldBase@internal@protobuf@google@@AAEPAPAXH@Z)"private: void __thiscall google::protobuf::internal::RepeatedPtrFieldBase::MergeFromInternal(class google::protobuf::internal::RepeatedPtrFieldBase const &,void (__thiscall google::protobuf::internal::RepeatedPtrFieldBase::*)(void * *,void * *,int,int))" (?MergeFromInternal@RepeatedPtrFieldBase@internal@protobuf@google@@AAEXABV1234@P81234@AEXPAPAX1HH@Z@Z) 함수에서 참조되는 확인할 수 없는 외부 기호
Protocol.pb.obj : error LNK2019: "private: void * __thiscall google::protobuf::internal::RepeatedPtrFieldBase::AddOutOfLineHelper(void *)" (?AddOutOfLineHelper@RepeatedPtrFieldBase@internal@protobuf@google@@AAEPAXPAX@Z)"protected: class Protocol::Player * __thiscall google::protobuf::internal::RepeatedPtrFieldBase::Add<class google::protobuf::RepeatedPtrField<class Protocol::Player>::TypeHandler>(class Protocol::Player *)" (??$Add@VTypeHandler@?$RepeatedPtrField@VPlayer@Protocol@@@protobuf@google@@@RepeatedPtrFieldBase@internal@protobuf@google@@IAEPAVPlayer@Protocol@@PAV45@@Z) 함수에서 참조되는 확인할 수 없는 외부 기호
ClientPacketHandler.obj : error LNK2001: 확인할 수 없는 외부 기호 "private: void * __thiscall google::protobuf::internal::RepeatedPtrFieldBase::AddOutOfLineHelper(void *)" (?AddOutOfLineHelper@RepeatedPtrFieldBase@internal@protobuf@google@@AAEPAXPAX@Z)
Protocol.pb.obj : error LNK2019: "public: static bool __cdecl google::protobuf::internal::WireFormatLite::VerifyUtf8String(char const *,int,enum google::protobuf::internal::WireFormatLite::Operation,char const *)" (?VerifyUtf8String@WireFormatLite@internal@protobuf@google@@SA_NPBDHW4Operation@1234@0@Z)"public: virtual unsigned char * __thiscall Protocol::C_CHAT::_InternalSerialize(unsigned char *,class google::protobuf::io::EpsCopyOutputStream *)const " (?_InternalSerialize@C_CHAT@Protocol@@UBEPAEPAEPAVEpsCopyOutputStream@io@protobuf@google@@@Z) 함수에서 참조되는 확인할 수 없는 외부 기호
Struct.pb.obj : error LNK2001: 확인할 수 없는 외부 기호 "public: static bool __cdecl google::protobuf::internal::WireFormatLite::VerifyUtf8String(char const *,int,enum google::protobuf::internal::WireFormatLite::Operation,char const *)" (?VerifyUtf8String@WireFormatLite@internal@protobuf@google@@SA_NPBDHW4Operation@1234@0@Z)
Protocol.pb.obj : error LNK2019: "private: struct std::pair<char const *,bool> __thiscall google::protobuf::internal::EpsCopyInputStream::DoneFallback(int,int)" (?DoneFallback@EpsCopyInputStream@internal@protobuf@google@@AAE?AU?$pair@PBD_N@std@@HH@Z)"protected: bool __thiscall google::protobuf::internal::EpsCopyInputStream::DoneWithCheck(char const * *,int)" (?DoneWithCheck@EpsCopyInputStream@internal@protobuf@google@@IAE_NPAPBDH@Z) 함수에서 참조되는 확인할 수 없는 외부 기호
Struct.pb.obj : error LNK2001: 확인할 수 없는 외부 기호 "private: struct std::pair<char const *,bool> __thiscall google::protobuf::internal::EpsCopyInputStream::DoneFallback(int,int)" (?DoneFallback@EpsCopyInputStream@internal@protobuf@google@@AAE?AU?$pair@PBD_N@std@@HH@Z)
Protocol.pb.obj : error LNK2019: "private: char const * __thiscall google::protobuf::internal::ParseContext::ReadSizeAndPushLimitAndDepth(char const *,int *)" (?ReadSizeAndPushLimitAndDepth@ParseContext@internal@protobuf@google@@AAEPBDPBDPAH@Z)"public: char const * __thiscall google::protobuf::internal::ParseContext::ParseMessage<class Protocol::Player>(class Protocol::Player *,char const *)" (??$ParseMessage@VPlayer@Protocol@@@ParseContext@internal@protobuf@google@@QAEPBDPAVPlayer@Protocol@@PBD@Z) 함수에서 참조되는 확인할 수 없는 외부 기호
Protocol.pb.obj : error LNK2019: "struct std::pair<char const *,unsigned __int64> __cdecl google::protobuf::internal::VarintParseSlow64(char const *,unsigned int)" (?VarintParseSlow64@internal@protobuf@google@@YA?AU?$pair@PBD_K@std@@PBDI@Z)"char const * __cdecl google::protobuf::internal::VarintParseSlow(char const *,unsigned int,unsigned __int64 *)" (?VarintParseSlow@internal@protobuf@google@@YAPBDPBDIPA_K@Z) 함수에서 참조되는 확인할 수 없는 외부 기호
Struct.pb.obj : error LNK2001: 확인할 수 없는 외부 기호 "struct std::pair<char const *,unsigned __int64> __cdecl google::protobuf::internal::VarintParseSlow64(char const *,unsigned int)" (?VarintParseSlow64@internal@protobuf@google@@YA?AU?$pair@PBD_K@std@@PBDI@Z)
Protocol.pb.obj : error LNK2019: "struct std::pair<char const *,unsigned int> __cdecl google::protobuf::internal::ReadTagFallback(char const *,unsigned int)" (?ReadTagFallback@internal@protobuf@google@@YA?AU?$pair@PBDI@std@@PBDI@Z)"char const * __cdecl google::protobuf::internal::ReadTag(char const *,unsigned int *,unsigned int)" (?ReadTag@internal@protobuf@google@@YAPBDPBDPAII@Z) 함수에서 참조되는 확인할 수 없는 외부 기호
Struct.pb.obj : error LNK2001: 확인할 수 없는 외부 기호 "struct std::pair<char const *,unsigned int> __cdecl google::protobuf::internal::ReadTagFallback(char const *,unsigned int)" (?ReadTagFallback@internal@protobuf@google@@YA?AU?$pair@PBDI@std@@PBDI@Z)
Protocol.pb.obj : error LNK2019: "bool __cdecl google::protobuf::internal::VerifyUTF8(class google::protobuf::stringpiece_internal::StringPiece,char const *)" (?VerifyUTF8@internal@protobuf@google@@YA_NVStringPiece@stringpiece_internal@23@PBD@Z)"bool __cdecl google::protobuf::internal::VerifyUTF8(class std::basic_string<char,struct std::char_traits<char>,class std::allocator<char> > const *,char const *)" (?VerifyUTF8@internal@protobuf@google@@YA_NPBV?$basic_string@DU?$char_traits@D@std@@V?$allocator@D@2@@std@@PBD@Z) 함수에서 참조되는 확인할 수 없는 외부 기호
Struct.pb.obj : error LNK2001: 확인할 수 없는 외부 기호 "bool __cdecl google::protobuf::internal::VerifyUTF8(class google::protobuf::stringpiece_internal::StringPiece,char const *)" (?VerifyUTF8@internal@protobuf@google@@YA_NVStringPiece@stringpiece_internal@23@PBD@Z)
Protocol.pb.obj : error LNK2019: "char const * __cdecl google::protobuf::internal::InlineGreedyStringParser(class std::basic_string<char,struct std::char_traits<char>,class std::allocator<char> > *,char const *,class google::protobuf::internal::ParseContext *)" (?InlineGreedyStringParser@internal@protobuf@google@@YAPBDPAV?$basic_string@DU?$char_traits@D@std@@V?$allocator@D@2@@std@@PBDPAVParseContext@123@@Z)"public: virtual char const * __thiscall Protocol::C_CHAT::_InternalParse(char const *,class google::protobuf::internal::ParseContext *)" (?_InternalParse@C_CHAT@Protocol@@UAEPBDPBDPAVParseContext@internal@protobuf@google@@@Z) 함수에서 참조되는 확인할 수 없는 외부 기호
Struct.pb.obj : error LNK2001: 확인할 수 없는 외부 기호 "char const * __cdecl google::protobuf::internal::InlineGreedyStringParser(class std::basic_string<char,struct std::char_traits<char>,class std::allocator<char> > *,char const *,class google::protobuf::internal::ParseContext *)" (?InlineGreedyStringParser@internal@protobuf@google@@YAPBDPAV?$basic_string@DU?$char_traits@D@std@@V?$allocator@D@2@@std@@PBDPAVParseContext@123@@Z)
Protocol.pb.obj : error LNK2019: "public: void __thiscall google::protobuf::UnknownFieldSet::MergeFrom(class google::protobuf::UnknownFieldSet const &)" (?MergeFrom@UnknownFieldSet@protobuf@google@@QAEXABV123@@Z)"private: void __thiscall google::protobuf::internal::InternalMetadata::DoMergeFrom<class google::protobuf::UnknownFieldSet>(class google::protobuf::UnknownFieldSet const &)" (??$DoMergeFrom@VUnknownFieldSet@protobuf@google@@@InternalMetadata@internal@protobuf@google@@AAEXABVUnknownFieldSet@23@@Z) 함수에서 참조되는 확인할 수 없는 외부 기호
Struct.pb.obj : error LNK2001: 확인할 수 없는 외부 기호 "public: void __thiscall google::protobuf::UnknownFieldSet::MergeFrom(class google::protobuf::UnknownFieldSet const &)" (?MergeFrom@UnknownFieldSet@protobuf@google@@QAEXABV123@@Z)
Protocol.pb.obj : error LNK2019: "public: static class google::protobuf::UnknownFieldSet const & __cdecl google::protobuf::UnknownFieldSet::default_instance(void)" (?default_instance@UnknownFieldSet@protobuf@google@@SAABV123@XZ)"public: virtual unsigned char * __thiscall Protocol::C_LOGIN::_InternalSerialize(unsigned char *,class google::protobuf::io::EpsCopyOutputStream *)const " (?_InternalSerialize@C_LOGIN@Protocol@@UBEPAEPAEPAVEpsCopyOutputStream@io@protobuf@google@@@Z) 함수에서 참조되는 확인할 수 없는 외부 기호
Struct.pb.obj : error LNK2001: 확인할 수 없는 외부 기호 "public: static class google::protobuf::UnknownFieldSet const & __cdecl google::protobuf::UnknownFieldSet::default_instance(void)" (?default_instance@UnknownFieldSet@protobuf@google@@SAABV123@XZ)
Protocol.pb.obj : error LNK2019: "private: void __thiscall google::protobuf::UnknownFieldSet::ClearFallback(void)" (?ClearFallback@UnknownFieldSet@protobuf@google@@AAEXXZ)"public: void __thiscall google::protobuf::UnknownFieldSet::Clear(void)" (?Clear@UnknownFieldSet@protobuf@google@@QAEXXZ) 함수에서 참조되는 확인할 수 없는 외부 기호
Struct.pb.obj : error LNK2001: 확인할 수 없는 외부 기호 "private: void __thiscall google::protobuf::UnknownFieldSet::ClearFallback(void)" (?ClearFallback@UnknownFieldSet@protobuf@google@@AAEXXZ)
Protocol.pb.obj : error LNK2019: "char const * __cdecl google::protobuf::internal::UnknownFieldParse(unsigned __int64,class google::protobuf::UnknownFieldSet *,char const *,class google::protobuf::internal::ParseContext *)" (?UnknownFieldParse@internal@protobuf@google@@YAPBD_KPAVUnknownFieldSet@23@PBDPAVParseContext@123@@Z)"public: virtual char const * __thiscall Protocol::C_LOGIN::_InternalParse(char const *,class google::protobuf::internal::ParseContext *)" (?_InternalParse@C_LOGIN@Protocol@@UAEPBDPBDPAVParseContext@internal@protobuf@google@@@Z) 함수에서 참조되는 확인할 수 없는 외부 기호
Struct.pb.obj : error LNK2001: 확인할 수 없는 외부 기호 "char const * __cdecl google::protobuf::internal::UnknownFieldParse(unsigned __int64,class google::protobuf::UnknownFieldSet *,char const *,class google::protobuf::internal::ParseContext *)" (?UnknownFieldParse@internal@protobuf@google@@YAPBD_KPAVUnknownFieldSet@23@PBDPAVParseContext@123@@Z)
Protocol.pb.obj : error LNK2019: "struct google::protobuf::Metadata __cdecl google::protobuf::internal::AssignDescriptors(struct google::protobuf::internal::DescriptorTable const * (__cdecl*)(void),struct std::once_flag *,struct google::protobuf::Metadata const &)" (?AssignDescriptors@internal@protobuf@google@@YA?AUMetadata@23@P6APBUDescriptorTable@123@XZPAUonce_flag@std@@ABU423@@Z)"public: virtual struct google::protobuf::Metadata __thiscall Protocol::C_LOGIN::GetMetadata(void)const " (?GetMetadata@C_LOGIN@Protocol@@UBE?AUMetadata@protobuf@google@@XZ) 함수에서 참조되는 확인할 수 없는 외부 기호
Struct.pb.obj : error LNK2001: 확인할 수 없는 외부 기호 "struct google::protobuf::Metadata __cdecl google::protobuf::internal::AssignDescriptors(struct google::protobuf::internal::DescriptorTable const * (__cdecl*)(void),struct std::once_flag *,struct google::protobuf::Metadata const &)" (?AssignDescriptors@internal@protobuf@google@@YA?AUMetadata@23@P6APBUDescriptorTable@123@XZPAUonce_flag@std@@ABU423@@Z)
Protocol.pb.obj : error LNK2001: 확인할 수 없는 외부 기호 "public: virtual void __thiscall google::protobuf::Message::CopyFrom(class google::protobuf::Message const &)" (?CopyFrom@Message@protobuf@google@@UAEXABV123@@Z)
Struct.pb.obj : error LNK2001: 확인할 수 없는 외부 기호 "public: virtual void __thiscall google::protobuf::Message::CopyFrom(class google::protobuf::Message const &)" (?CopyFrom@Message@protobuf@google@@UAEXABV123@@Z)
Protocol.pb.obj : error LNK2001: 확인할 수 없는 외부 기호 "public: virtual void __thiscall google::protobuf::Message::MergeFrom(class google::protobuf::Message const &)" (?MergeFrom@Message@protobuf@google@@UAEXABV123@@Z)
Struct.pb.obj : error LNK2001: 확인할 수 없는 외부 기호 "public: virtual void __thiscall google::protobuf::Message::MergeFrom(class google::protobuf::Message const &)" (?MergeFrom@Message@protobuf@google@@UAEXABV123@@Z)
Protocol.pb.obj : error LNK2001: 확인할 수 없는 외부 기호 "public: virtual void __thiscall google::protobuf::Message::Clear(void)" (?Clear@Message@protobuf@google@@UAEXXZ)
Struct.pb.obj : error LNK2001: 확인할 수 없는 외부 기호 "public: virtual void __thiscall google::protobuf::Message::Clear(void)" (?Clear@Message@protobuf@google@@UAEXXZ)
Protocol.pb.obj : error LNK2001: 확인할 수 없는 외부 기호 "public: virtual bool __thiscall google::protobuf::Message::IsInitialized(void)const " (?IsInitialized@Message@protobuf@google@@UBE_NXZ)
Struct.pb.obj : error LNK2001: 확인할 수 없는 외부 기호 "public: virtual bool __thiscall google::protobuf::Message::IsInitialized(void)const " (?IsInitialized@Message@protobuf@google@@UBE_NXZ)
Protocol.pb.obj : error LNK2001: 확인할 수 없는 외부 기호 "public: virtual char const * __thiscall google::protobuf::Message::_InternalParse(char const *,class google::protobuf::internal::ParseContext *)" (?_InternalParse@Message@protobuf@google@@UAEPBDPBDPAVParseContext@internal@23@@Z)
Struct.pb.obj : error LNK2001: 확인할 수 없는 외부 기호 "public: virtual char const * __thiscall google::protobuf::Message::_InternalParse(char const *,class google::protobuf::internal::ParseContext *)" (?_InternalParse@Message@protobuf@google@@UAEPBDPBDPAVParseContext@internal@23@@Z)
Protocol.pb.obj : error LNK2001: 확인할 수 없는 외부 기호 "public: virtual unsigned int __thiscall google::protobuf::Message::ByteSizeLong(void)const " (?ByteSizeLong@Message@protobuf@google@@UBEIXZ)
Struct.pb.obj : error LNK2001: 확인할 수 없는 외부 기호 "public: virtual unsigned int __thiscall google::protobuf::Message::ByteSizeLong(void)const " (?ByteSizeLong@Message@protobuf@google@@UBEIXZ)
Protocol.pb.obj : error LNK2001: 확인할 수 없는 외부 기호 "public: virtual unsigned char * __thiscall google::protobuf::Message::_InternalSerialize(unsigned char *,class google::protobuf::io::EpsCopyOutputStream *)const " (?_InternalSerialize@Message@protobuf@google@@UBEPAEPAEPAVEpsCopyOutputStream@io@23@@Z)
Struct.pb.obj : error LNK2001: 확인할 수 없는 외부 기호 "public: virtual unsigned char * __thiscall google::protobuf::Message::_InternalSerialize(unsigned char *,class google::protobuf::io::EpsCopyOutputStream *)const " (?_InternalSerialize@Message@protobuf@google@@UBEPAEPAEPAVEpsCopyOutputStream@io@23@@Z)
Protocol.pb.obj : error LNK2001: 확인할 수 없는 외부 기호 "private: virtual void __thiscall google::protobuf::Message::SetCachedSize(int)const " (?SetCachedSize@Message@protobuf@google@@EBEXH@Z)
Struct.pb.obj : error LNK2001: 확인할 수 없는 외부 기호 "private: virtual void __thiscall google::protobuf::Message::SetCachedSize(int)const " (?SetCachedSize@Message@protobuf@google@@EBEXH@Z)
Protocol.pb.obj : error LNK2019: "public: static void __cdecl google::protobuf::internal::ReflectionOps::Merge(class google::protobuf::Message const &,class google::protobuf::Message *)" (?Merge@ReflectionOps@internal@protobuf@google@@SAXABVMessage@34@PAV534@@Z)"public: virtual void __thiscall Protocol::C_LOGIN::MergeFrom(class google::protobuf::Message const &)" (?MergeFrom@C_LOGIN@Protocol@@UAEXABVMessage@protobuf@google@@@Z) 함수에서 참조되는 확인할 수 없는 외부 기호
Struct.pb.obj : error LNK2001: 확인할 수 없는 외부 기호 "public: static void __cdecl google::protobuf::internal::ReflectionOps::Merge(class google::protobuf::Message const &,class google::protobuf::Message *)" (?Merge@ReflectionOps@internal@protobuf@google@@SAXABVMessage@34@PAV534@@Z)
Protocol.pb.obj : error LNK2019: "public: static unsigned char * __cdecl google::protobuf::internal::WireFormat::InternalSerializeUnknownFieldsToArray(class google::protobuf::UnknownFieldSet const &,unsigned char *,class google::protobuf::io::EpsCopyOutputStream *)" (?InternalSerializeUnknownFieldsToArray@WireFormat@internal@protobuf@google@@SAPAEABVUnknownFieldSet@34@PAEPAVEpsCopyOutputStream@io@34@@Z)"public: virtual unsigned char * __thiscall Protocol::C_LOGIN::_InternalSerialize(unsigned char *,class google::protobuf::io::EpsCopyOutputStream *)const " (?_InternalSerialize@C_LOGIN@Protocol@@UBEPAEPAEPAVEpsCopyOutputStream@io@protobuf@google@@@Z) 함수에서 참조되는 확인할 수 없는 외부 기호
Struct.pb.obj : error LNK2001: 확인할 수 없는 외부 기호 "public: static unsigned char * __cdecl google::protobuf::internal::WireFormat::InternalSerializeUnknownFieldsToArray(class google::protobuf::UnknownFieldSet const &,unsigned char *,class google::protobuf::io::EpsCopyOutputStream *)" (?InternalSerializeUnknownFieldsToArray@WireFormat@internal@protobuf@google@@SAPAEABVUnknownFieldSet@34@PAEPAVEpsCopyOutputStream@io@34@@Z)
Protocol.pb.obj : error LNK2019: "unsigned int __cdecl google::protobuf::internal::ComputeUnknownFieldsSize(class google::protobuf::internal::InternalMetadata const &,unsigned int,class google::protobuf::internal::CachedSize *)" (?ComputeUnknownFieldsSize@internal@protobuf@google@@YAIABVInternalMetadata@123@IPAVCachedSize@123@@Z)"public: virtual unsigned int __thiscall Protocol::C_LOGIN::ByteSizeLong(void)const " (?ByteSizeLong@C_LOGIN@Protocol@@UBEIXZ) 함수에서 참조되는 확인할 수 없는 외부 기호
Struct.pb.obj : error LNK2001: 확인할 수 없는 외부 기호 "unsigned int __cdecl google::protobuf::internal::ComputeUnknownFieldsSize(class google::protobuf::internal::InternalMetadata const &,unsigned int,class google::protobuf::internal::CachedSize *)" (?ComputeUnknownFieldsSize@internal@protobuf@google@@YAIABVInternalMetadata@123@IPAVCachedSize@123@@Z)
ClientPacketHandler.obj : error LNK2019: "public: bool __thiscall google::protobuf::MessageLite::SerializeToArray(void *,int)const " (?SerializeToArray@MessageLite@protobuf@google@@QBE_NPAXH@Z)"private: static class std::shared_ptr<class SendBuffer> __cdecl ClientPacketHandler::MakeSendBuffer<class Protocol::S_CHAT>(class Protocol::S_CHAT &,unsigned short)" (??$MakeSendBuffer@VS_CHAT@Protocol@@@ClientPacketHandler@@CA?AV?$shared_ptr@VSendBuffer@@@std@@AAVS_CHAT@Protocol@@G@Z) 함수에서 참조되는 확인할 수 없는 외부 기호
C:\Users\wc542\Server\Libraries\Libs\Protobuf\Debug\libprotobufd.lib : warning LNK4272: 'x64' 라이브러리 컴퓨터 종류가 'x86' 대상 컴퓨터 종류와 충돌합니다.
C:\Users\wc542\Server\Binary\Debug\GameServer.exe : fatal error LNK1120: 53개의 확인할 수 없는 외부 참조입니다.
