FXC : warning X4717: Effects deprecated for D3DCompiler_47
  
  compilation object save succeeded; see C:\Users\wc542\OneDrive\문서\Catch_Bear\CatchBear\Output\compute.cso
FXC : warning X4717: Effects deprecated for D3DCompiler_47
  
  compilation object save succeeded; see C:\Users\wc542\OneDrive\문서\Catch_Bear\CatchBear\Output\deferred.cso
FXC : warning X4717: Effects deprecated for D3DCompiler_47
  
  compilation object save succeeded; see C:\Users\wc542\OneDrive\문서\Catch_Bear\CatchBear\Output\forward.cso
FXC : warning X4717: Effects deprecated for D3DCompiler_47
  
  compilation object save succeeded; see C:\Users\wc542\OneDrive\문서\Catch_Bear\CatchBear\Output\lighting.cso
FXC : warning X4717: Effects deprecated for D3DCompiler_47
  
  compilation object save succeeded; see C:\Users\wc542\OneDrive\문서\Catch_Bear\CatchBear\Output\params.cso
FXC : warning X4717: Effects deprecated for D3DCompiler_47
  
  compilation object save succeeded; see C:\Users\wc542\OneDrive\문서\Catch_Bear\CatchBear\Output\particle.cso
FXC : warning X4717: Effects deprecated for D3DCompiler_47
  
  compilation object save succeeded; see C:\Users\wc542\OneDrive\문서\Catch_Bear\CatchBear\Output\shadow.cso
FXC : warning X4717: Effects deprecated for D3DCompiler_47
  
  compilation object save succeeded; see C:\Users\wc542\OneDrive\문서\Catch_Bear\CatchBear\Output\skybox.cso
FXC : warning X4717: Effects deprecated for D3DCompiler_47
  
  compilation object save succeeded; see C:\Users\wc542\OneDrive\문서\Catch_Bear\CatchBear\Output\terrain.cso
FXC : warning X4717: Effects deprecated for D3DCompiler_47
  
  compilation object save succeeded; see C:\Users\wc542\OneDrive\문서\Catch_Bear\CatchBear\Output\tessellation.cso
FXC : warning X4717: Effects deprecated for D3DCompiler_47
  
  compilation object save succeeded; see C:\Users\wc542\OneDrive\문서\Catch_Bear\CatchBear\Output\utils.cso
  pch.cpp
  BaseCollider.cpp
  Camera.cpp
  CameraScript.cpp
  CommandQueue.cpp
  Component.cpp
  ConstantBuffer.cpp
  Device.cpp
  Engine.cpp
  EnginePch.cpp
  Frustum.cpp
  GameObject.cpp
  Input.cpp
  InstancingBuffer.cpp
  InstancingManager.cpp
  Light.cpp
C:\Users\wc542\OneDrive\문서\Catch_Bear\CatchBear\Engine\Light.cpp(5,10): warning C4067: 전처리기 지시문 다음에 예기치 않은 토큰이 있습니다. 줄 바꿈 문자가 필요합니다.
  Material.cpp
  Mesh.cpp
  MeshRenderer.cpp
  MonoBehaviour.cpp
  Object.cpp
  코드를 생성하고 있습니다...
  컴파일하고 있습니다...
  ParticleSystem.cpp
  Player.cpp
  RenderTargetGroup.cpp
C:\Users\wc542\OneDrive\문서\Catch_Bear\CatchBear\Engine\RenderTargetGroup.cpp(38,20): warning C4018: '<': signed 또는 unsigned가 일치하지 않습니다.
  Resources.cpp
  RootSignature.cpp
  Scene.cpp
  SceneManager.cpp
  Shader.cpp
  SimpleMath.cpp
  SphereCollider.cpp
  StructuredBuffer.cpp
  SwapChain.cpp
  TableDescriptorHeap.cpp
  Terrain.cpp
  Texture.cpp
  Timer.cpp
  Transform.cpp
  코드를 생성하고 있습니다...
  Engine.vcxproj -> C:\Users\wc542\OneDrive\문서\Catch_Bear\CatchBear\Output\Engine.lib
