c:\users\wc542\onedrive\문서\catch_bear\catchbear\engine\x64\debug\engine.pch
c:\users\wc542\onedrive\문서\catch_bear\catchbear\output\engine.pdb
c:\users\wc542\onedrive\문서\catch_bear\catchbear\output\engine.idb
c:\users\wc542\onedrive\문서\catch_bear\catchbear\engine\x64\debug\pch.obj
c:\users\wc542\onedrive\문서\catch_bear\catchbear\engine\x64\debug\object.obj
c:\users\wc542\onedrive\문서\catch_bear\catchbear\engine\x64\debug\monobehaviour.obj
c:\users\wc542\onedrive\문서\catch_bear\catchbear\engine\x64\debug\meshrenderer.obj
c:\users\wc542\onedrive\문서\catch_bear\catchbear\engine\x64\debug\mesh.obj
c:\users\wc542\onedrive\문서\catch_bear\catchbear\engine\x64\debug\material.obj
c:\users\wc542\onedrive\문서\catch_bear\catchbear\engine\x64\debug\light.obj
c:\users\wc542\onedrive\문서\catch_bear\catchbear\engine\x64\debug\instancingmanager.obj
c:\users\wc542\onedrive\문서\catch_bear\catchbear\engine\x64\debug\instancingbuffer.obj
c:\users\wc542\onedrive\문서\catch_bear\catchbear\engine\x64\debug\input.obj
c:\users\wc542\onedrive\문서\catch_bear\catchbear\engine\x64\debug\gameobject.obj
c:\users\wc542\onedrive\문서\catch_bear\catchbear\engine\x64\debug\frustum.obj
c:\users\wc542\onedrive\문서\catch_bear\catchbear\engine\x64\debug\enginepch.obj
c:\users\wc542\onedrive\문서\catch_bear\catchbear\engine\x64\debug\engine.obj
c:\users\wc542\onedrive\문서\catch_bear\catchbear\engine\x64\debug\device.obj
c:\users\wc542\onedrive\문서\catch_bear\catchbear\engine\x64\debug\constantbuffer.obj
c:\users\wc542\onedrive\문서\catch_bear\catchbear\engine\x64\debug\component.obj
c:\users\wc542\onedrive\문서\catch_bear\catchbear\engine\x64\debug\commandqueue.obj
c:\users\wc542\onedrive\문서\catch_bear\catchbear\engine\x64\debug\camerascript.obj
c:\users\wc542\onedrive\문서\catch_bear\catchbear\engine\x64\debug\camera.obj
c:\users\wc542\onedrive\문서\catch_bear\catchbear\engine\x64\debug\basecollider.obj
c:\users\wc542\onedrive\문서\catch_bear\catchbear\engine\x64\debug\transform.obj
c:\users\wc542\onedrive\문서\catch_bear\catchbear\engine\x64\debug\timer.obj
c:\users\wc542\onedrive\문서\catch_bear\catchbear\engine\x64\debug\texture.obj
c:\users\wc542\onedrive\문서\catch_bear\catchbear\engine\x64\debug\terrain.obj
c:\users\wc542\onedrive\문서\catch_bear\catchbear\engine\x64\debug\tabledescriptorheap.obj
c:\users\wc542\onedrive\문서\catch_bear\catchbear\engine\x64\debug\swapchain.obj
c:\users\wc542\onedrive\문서\catch_bear\catchbear\engine\x64\debug\structuredbuffer.obj
c:\users\wc542\onedrive\문서\catch_bear\catchbear\engine\x64\debug\spherecollider.obj
c:\users\wc542\onedrive\문서\catch_bear\catchbear\engine\x64\debug\simplemath.obj
c:\users\wc542\onedrive\문서\catch_bear\catchbear\engine\x64\debug\shader.obj
c:\users\wc542\onedrive\문서\catch_bear\catchbear\engine\x64\debug\scenemanager.obj
c:\users\wc542\onedrive\문서\catch_bear\catchbear\engine\x64\debug\scene.obj
c:\users\wc542\onedrive\문서\catch_bear\catchbear\engine\x64\debug\rootsignature.obj
c:\users\wc542\onedrive\문서\catch_bear\catchbear\engine\x64\debug\resources.obj
c:\users\wc542\onedrive\문서\catch_bear\catchbear\engine\x64\debug\rendertargetgroup.obj
c:\users\wc542\onedrive\문서\catch_bear\catchbear\engine\x64\debug\player.obj
c:\users\wc542\onedrive\문서\catch_bear\catchbear\engine\x64\debug\particlesystem.obj
c:\users\wc542\onedrive\문서\catch_bear\catchbear\output\compute.cso
c:\users\wc542\onedrive\문서\catch_bear\catchbear\output\deferred.cso
c:\users\wc542\onedrive\문서\catch_bear\catchbear\output\forward.cso
c:\users\wc542\onedrive\문서\catch_bear\catchbear\output\lighting.cso
c:\users\wc542\onedrive\문서\catch_bear\catchbear\output\params.cso
c:\users\wc542\onedrive\문서\catch_bear\catchbear\output\particle.cso
c:\users\wc542\onedrive\문서\catch_bear\catchbear\output\shadow.cso
c:\users\wc542\onedrive\문서\catch_bear\catchbear\output\skybox.cso
c:\users\wc542\onedrive\문서\catch_bear\catchbear\output\terrain.cso
c:\users\wc542\onedrive\문서\catch_bear\catchbear\output\tessellation.cso
c:\users\wc542\onedrive\문서\catch_bear\catchbear\output\utils.cso
c:\users\wc542\onedrive\문서\catch_bear\catchbear\output\engine.lib
c:\users\wc542\onedrive\문서\catch_bear\catchbear\engine\x64\debug\engine.tlog\cl.command.1.tlog
c:\users\wc542\onedrive\문서\catch_bear\catchbear\engine\x64\debug\engine.tlog\cl.read.1.tlog
c:\users\wc542\onedrive\문서\catch_bear\catchbear\engine\x64\debug\engine.tlog\cl.write.1.tlog
c:\users\wc542\onedrive\문서\catch_bear\catchbear\engine\x64\debug\engine.tlog\fxc.command.1.tlog
c:\users\wc542\onedrive\문서\catch_bear\catchbear\engine\x64\debug\engine.tlog\fxc.read.1.tlog
c:\users\wc542\onedrive\문서\catch_bear\catchbear\engine\x64\debug\engine.tlog\fxc.write.1.tlog
c:\users\wc542\onedrive\문서\catch_bear\catchbear\engine\x64\debug\engine.tlog\lib-link.read.1.tlog
c:\users\wc542\onedrive\문서\catch_bear\catchbear\engine\x64\debug\engine.tlog\lib-link.write.1.tlog
c:\users\wc542\onedrive\문서\catch_bear\catchbear\engine\x64\debug\engine.tlog\lib.command.1.tlog
