  pch.cpp
  Allocator.cpp
C:\Users\wc542\OneDrive\문서\Catch_Bear\Server\ServerCore\Allocator.cpp(27,53): warning C4244: '인수': 'int64'에서 'SIZE_T'(으)로 변환하면서 데이터가 손실될 수 있습니다.
  BufferReader.cpp
  BufferWriter.cpp
  CoreGlobal.cpp
  CorePch.cpp
  CoreTLS.cpp
  DeadLockProfiler.cpp
  IocpCore.cpp
  IocpEvent.cpp
  Listener.cpp
  Lock.cpp
  Memory.cpp
C:\Users\wc542\OneDrive\문서\Catch_Bear\Server\ServerCore\Memory.cpp(16,42): warning C4316: 'MemoryPool': 힙에 할당된 개체가 16에 맞추어져 있지 않을 수도 있습니다
C:\Users\wc542\OneDrive\문서\Catch_Bear\Server\ServerCore\Memory.cpp(28,42): warning C4316: 'MemoryPool': 힙에 할당된 개체가 16에 맞추어져 있지 않을 수도 있습니다
C:\Users\wc542\OneDrive\문서\Catch_Bear\Server\ServerCore\Memory.cpp(40,42): warning C4316: 'MemoryPool': 힙에 할당된 개체가 16에 맞추어져 있지 않을 수도 있습니다
  MemoryPool.cpp
  NetAddress.cpp
  RecvBuffer.cpp
  RefCounting.cpp
  SendBuffer.cpp
  Service.cpp
  Session.cpp
  SocketUtils.cpp
  코드를 생성하고 있습니다...
  컴파일하고 있습니다...
  ThreadManager.cpp
  코드를 생성하고 있습니다...
  ServerCore.vcxproj -> C:\Users\wc542\OneDrive\문서\Catch_Bear\Server\Libraries\Libs\ServerCore\Debug\ServerCore.lib
